C:\Program Files (x86)\Microsoft Visual Studio\2017\Enterprise\Common7\IDE\VC\VCTargets\Microsoft.CppBuild.targets(944,5): warning MSB8027: Two or more files with the name of tinyxml2.cpp will produce outputs to the same location. This can lead to an incorrect build result.  The files involved are ..\..\..\..\..\..\..\Downloads\tinyxml2-master\tinyxml2-master\tinyxml2.cpp, src\Code\Vendor\tinyxml2.cpp.
  AudioManager.cpp
  Enemy.cpp
c:\users\jgait\documents\dam-viod\dam-viod\programacion\gaunlet\engine 2d\engine2d\src\code\enemy.cpp(113): warning C4244: 'argument': conversion from 'time_t' to 'unsigned int', possible loss of data
  Entity.cpp
  Game.cpp
  GameOver.cpp
  Input.cpp
c:\users\jgait\documents\dam-viod\dam-viod\programacion\gaunlet\engine 2d\engine2d\src\code\input.cpp(7): warning C4018: '<': signed/unsigned mismatch
c:\users\jgait\documents\dam-viod\dam-viod\programacion\gaunlet\engine 2d\engine2d\src\code\input.cpp(12): warning C4018: '<': signed/unsigned mismatch
  Map.cpp
  Menu.cpp
  Pawn.cpp
  Player.cpp
c:\users\jgait\documents\dam-viod\dam-viod\programacion\gaunlet\engine 2d\engine2d\src\code\player.cpp(56): warning C4244: '+=': conversion from 'float' to 'int', possible loss of data
c:\users\jgait\documents\dam-viod\dam-viod\programacion\gaunlet\engine 2d\engine2d\src\code\player.cpp(60): warning C4244: '-=': conversion from 'float' to 'int', possible loss of data
c:\users\jgait\documents\dam-viod\dam-viod\programacion\gaunlet\engine 2d\engine2d\src\code\player.cpp(64): warning C4244: '-=': conversion from 'float' to 'int', possible loss of data
c:\users\jgait\documents\dam-viod\dam-viod\programacion\gaunlet\engine 2d\engine2d\src\code\player.cpp(68): warning C4244: '+=': conversion from 'float' to 'int', possible loss of data
  ResourceManager.cpp
c:\users\jgait\documents\dam-viod\dam-viod\programacion\gaunlet\engine 2d\engine2d\src\code\resourcemanager.cpp(33): warning C4018: '<': signed/unsigned mismatch
  SceneManager.cpp
  Source.cpp
  TallyScreen.cpp
  Time.cpp
c:\users\jgait\documents\dam-viod\dam-viod\programacion\gaunlet\engine 2d\engine2d\src\code\time.cpp(25): warning C4018: '<': signed/unsigned mismatch
  Weapon.cpp
  World.cpp
c:\users\jgait\documents\dam-viod\dam-viod\programacion\gaunlet\engine 2d\engine2d\src\code\world.cpp(34): warning C4018: '<': signed/unsigned mismatch
  Generating Code...
  engine2d.vcxproj -> C:\Users\jgait\Documents\Dam-Viod\DAM-ViOD\Programacion\Gaunlet\Engine 2D\Debug\engine2d.exe
